Installing library in F:\Git\Heat\.cabal-sandbox\x86_64-windows-ghc-8.6.5\cubicbezier-0.6.0.6-ANpM3tGkGW95ymtCwnCaV8
2D           ( Geom2D.hs, dist\dist-sandbox-6d64ec1\build\Geom2D.o )

Geom2D.hs:14:1: warning: [-Wunused-imports]
    The import of `Numeric.FastMath' is redundant
      except perhaps to import instances from `Numeric.FastMath'
    To import instances alone, use: import Numeric.FastMath()
   |
14 | import Numeric.FastMath
   | ^^^^^^^^^^^^^^^^^^^^^^^
[ 2 of 12] Compiling Geom2D.CubicBezier.Numeric ( Geom2D\CubicBezier\Numeric.hs, dist\dist-sandbox-6d64ec1\build\Geom2D\CubicBezier\Numeric.o )

Geom2D\CubicBezier\Numeric.hs:334:34: warning: [-Wname-shadowing]
    This binding for `rows' shadows the existing binding
      imported from `Data.Matrix.Unboxed' at Geom2D\CubicBezier\Numeric.hs:15:1-31
    |
334 | solveTriDiagonal (!b0, !c0, !d0) rows = solutions
    |                                  ^^^^

Geom2D\CubicBezier\Numeric.hs:346:17: warning: [-Wname-shadowing]
    This binding for `rows' shadows the existing binding
      imported from `Data.Matrix.Unboxed' at Geom2D\CubicBezier\Numeric.hs:15:1-31
    |
346 | solveCyclicTriD rows = solutions
    |                 ^^^^
[ 3 of 12] Compiling Math.BernsteinPoly ( Math\BernsteinPoly.hs, dist\dist-sandbox-6d64ec1\build\Math\BernsteinPoly.o )
[ 4 of 12] Compiling Geom2D.CubicBezier.Basic ( Geom2D\CubicBezier\Basic.hs, dist\dist-sandbox-6d64ec1\build\Geom2D\CubicBezier\Basic.o )

Geom2D\CubicBezier\Basic.hs:22:1: warning: [-Wunused-imports]
    The import of `Data.List' is redundant
      except perhaps to import instances from `Data.List'
    To import instances alone, use: import Data.List()
   |
22 | import Data.List (minimumBy)
   | ^^^^^^^^^^^^^^^^^^^^^^^^^^^^

Geom2D\CubicBezier\Basic.hs:23:1: warning: [-Wunused-imports]
    The import of `Data.Function' is redundant
      except perhaps to import instances from `Data.Function'
    To import instances alone, use: import Data.Function()
   |
23 | import Data.Function (on)
   | ^^^^^^^^^^^^^^^^^^^^^^^^^

Geom2D\CubicBezier\Basic.hs:24:1: warning: [-Wunused-imports]
    The import of `Data.VectorSpace' is redundant
      except perhaps to import instances from `Data.VectorSpace'
    To import instances alone, use: import Data.VectorSpace()
   |
24 | import Data.VectorSpace
   | ^^^^^^^^^^^^^^^^^^^^^^^

Geom2D\CubicBezier\Basic.hs:25:1: warning: [-Wunused-imports]
    The import of `Debug.Trace' is redundant
      except perhaps to import instances from `Debug.Trace'
    To import instances alone, use: import Debug.Trace()
   |
25 | import Debug.Trace
   | ^^^^^^^^^^^^^^^^^^

Geom2D\CubicBezier\Basic.hs:184:27: warning: [-Wunused-matches]
    Defined but not used: `p'
    |
184 | closeOpenPath (OpenPath j p) = ClosedPath j
    |                           ^
[ 5 of 12] Compiling Geom2D.CubicBezier.MetaPath ( Geom2D\CubicBezier\MetaPath.hs, dist\dist-sandbox-6d64ec1\build\Geom2D\CubicBezier\MetaPath.o )
[ 6 of 12] Compiling Geom2D.CubicBezier.Intersection ( Geom2D\CubicBezier\Intersection.hs, dist\dist-sandbox-6d64ec1\build\Geom2D\CubicBezier\Intersection.o )

Geom2D\CubicBezier\Intersection.hs:214:38: warning: [-Wunused-matches]
    Defined but not used: `eps'
    |
214 | bezierLineIntersections b (Line p q) eps =
    |                                      ^^^
[ 7 of 12] Compiling Geom2D.CubicBezier.Overlap ( Geom2D\CubicBezier\Overlap.lhs, dist\dist-sandbox-6d64ec1\build\Geom2D\CubicBezier\Overlap.o )

Geom2D\CubicBezier\Overlap.lhs:45:3: warning: [-Wunused-imports]
    The import of `Geom2D.CubicBezier.Numeric' is redundant
      except perhaps to import instances from `Geom2D.CubicBezier.Numeric'
    To import instances alone, use: import Geom2D.CubicBezier.Numeric()
   |
45 | > import Geom2D.CubicBezier.Numeric
   |   ^^^^^^^^^^^^^^^^^^^^^^^^^^^^^^^^^

Geom2D\CubicBezier\Overlap.lhs:46:3: warning: [-Wunused-imports]
    The import of `Math.BernsteinPoly' is redundant
      except perhaps to import instances from `Math.BernsteinPoly'
    To import instances alone, use: import Math.BernsteinPoly()
   |
46 | > import Math.BernsteinPoly
   |   ^^^^^^^^^^^^^^^^^^^^^^^^^

Geom2D\CubicBezier\Overlap.lhs:49:3: warning: [-Wunused-imports]
    The import of `intercalate' from module `Data.List' is redundant
   |
49 | > import Data.List (sortBy, sort, intercalate, intersperse)
   |   ^^^^^^^^^^^^^^^^^^^^^^^^^^^^^^^^^^^^^^^^^^^^^^^^^^^^^^^^^

Geom2D\CubicBezier\Overlap.lhs:59:3: warning: [-Wunused-imports]
    The import of `Data.IORef' is redundant
      except perhaps to import instances from `Data.IORef'
    To import instances alone, use: import Data.IORef()
   |
59 | > import Data.IORef
   |   ^^^^^^^^^^^^^^^^^

Geom2D\CubicBezier\Overlap.lhs:60:3: warning: [-Wunused-imports]
    The import of `isJust' from module `Data.Maybe' is redundant
   |
60 | > import Data.Maybe (isJust, isNothing, mapMaybe)
   |   ^^^^^^^^^^^^^^^^^^^^^^^^^^^^^^^^^^^^^^^^^^^^^^^

Geom2D\CubicBezier\Overlap.lhs:189:3: warning: [-Wmissing-signatures]
    Top-level binding with no type signature:
      showCurve :: CubicBezier Double -> [Char]
    |
189 | > showCurve (CubicBezier p0 p1 p2 p3) =
    |   ^^^^^^^^^

Geom2D\CubicBezier\Overlap.lhs:212:3: warning: [-Wmissing-signatures]
    Top-level binding with no type signature:
      assertTrace :: p1 -> p2 -> p3 -> p3
    |
212 | > assertTrace _ _ e  = e
    |   ^^^^^^^^^^^

Geom2D\CubicBezier\Overlap.lhs:214:3: warning: [-Wmissing-signatures]
    Top-level binding with no type signature:
      traceMessage :: Monad m => p -> m ()
    |
214 | > traceMessage _ = return ()
    |   ^^^^^^^^^^^^

Geom2D\CubicBezier\Overlap.lhs:300:5: warning: [-Wunused-do-bind]
    A do-notation statement discarded a result of type `XStruct'
    Suppress this warning by saying `_ <- return str'
    |
300 | >   return str
    |     ^^^^^^^^^^

Geom2D\CubicBezier\Overlap.lhs:304:5: warning: [-Wname-shadowing]
    This binding for `str' shadows the existing binding
      bound at Geom2D\CubicBezier\Overlap.lhs:299:5
    |
304 | >   str <- use xStruct
    |     ^^^

Geom2D\CubicBezier\Overlap.lhs:305:5: warning: [-Wunused-do-bind]
    A do-notation statement discarded a result of type `XStruct'
    Suppress this warning by saying `_ <- return str'
    |
305 | >   return str
    |     ^^^^^^^^^^

Geom2D\CubicBezier\Overlap.lhs:356:3: warning: [-Wunused-top-binds]
    Defined but not used: `yStructOverlap'
    |
356 | > yStructOverlap c str =
    |   ^^^^^^^^^^^^^^

Geom2D\CubicBezier\Overlap.lhs:358:11: warning: [-Wname-shadowing]
    This binding for `checkOverlap' shadows the existing binding
      defined at Geom2D\CubicBezier\Overlap.lhs:879:3
    |
358 | >   where checkOverlap c2 =
    |           ^^^^^^^^^^^^

Geom2D\CubicBezier\Overlap.lhs:445:3: warning: [-Wunused-top-binds]
    Defined but not used: `belowLine'
    |
445 | > belowLine (Point px py) (Point lx ly) (Point rx ry)
    |   ^^^^^^^^^

Geom2D\CubicBezier\Overlap.lhs:453:3: warning: [-Wunused-top-binds]
    Defined but not used: `aboveLine'
    |
453 | > aboveLine (Point px py) (Point lx ly) (Point rx ry)
    |   ^^^^^^^^^

Geom2D\CubicBezier\Overlap.lhs:603:22: warning: [-Wname-shadowing]
    This binding for `m' shadows the existing binding
      bound at Geom2D\CubicBezier\Overlap.lhs:599:15
    |
603 | >     lookupDelete p m =
    |                      ^

Geom2D\CubicBezier\Overlap.lhs:610:19: warning: [-Wname-shadowing]
    This binding for `m' shadows the existing binding
      bound at Geom2D\CubicBezier\Overlap.lhs:599:15
    |
610 | >     outputNext !m
    |                   ^

Geom2D\CubicBezier\Overlap.lhs:618:11: warning: [-Wname-shadowing]
    This binding for `m' shadows the existing binding
      bound at Geom2D\CubicBezier\Overlap.lhs:599:15
    |
618 | >     go !m !next !prev !start
    |           ^

Geom2D\CubicBezier\Overlap.lhs:675:3: warning: [-Wmissing-signatures]
    Top-level binding with no type signature:
      slope :: (Eq p, Fractional p) => Point p -> p
    |
675 | > slope (Point 0 0) = 0
    |   ^^^^^

Geom2D\CubicBezier\Overlap.lhs:879:3: warning: [-Wmissing-signatures]
    Top-level binding with no type signature:
      checkOverlap :: CubicBezier Double -> CubicBezier Double -> Bool
    |
879 | > checkOverlap c1 c2 =
    |   ^^^^^^^^^^^^

Geom2D\CubicBezier\Overlap.lhs:948:36: warning: [-Wunused-matches]
    Defined but not used: `p0'
    |
948 | > nextIntersection b1@(CubicBezier p0 _ _ p3) b2@(CubicBezier q0 _ _ q3) tol ((t1, t2): ts)
    |                                    ^^

Geom2D\CubicBezier\Overlap.lhs:948:43: warning: [-Wunused-matches]
    Defined but not used: `p3'
    |
948 | > nextIntersection b1@(CubicBezier p0 _ _ p3) b2@(CubicBezier q0 _ _ q3) tol ((t1, t2): ts)
    |                                           ^^

Geom2D\CubicBezier\Overlap.lhs:948:63: warning: [-Wunused-matches]
    Defined but not used: `q0'
    |
948 | > nextIntersection b1@(CubicBezier p0 _ _ p3) b2@(CubicBezier q0 _ _ q3) tol ((t1, t2): ts)
    |                                                               ^^

Geom2D\CubicBezier\Overlap.lhs:948:70: warning: [-Wunused-matches]
    Defined but not used: `q3'
    |
948 | > nextIntersection b1@(CubicBezier p0 _ _ p3) b2@(CubicBezier q0 _ _ q3) tol ((t1, t2): ts)
    |                                                                      ^^

Geom2D\CubicBezier\Overlap.lhs:1149:3: warning: [-Wunused-top-binds]
    Defined but not used: union'
     |
1149 | > union' p fill tol =
     |   ^^^^^^

Geom2D\CubicBezier\Overlap.lhs:1149:3: warning: [-Wmissing-signatures]
    Top-level binding with no type signature:
      union' :: [CubicBezier Double]
                -> FillRule -> Double -> [ClosedPath Double]
     |
1149 | > union' p fill tol =
     |   ^^^^^^
[ 8 of 12] Compiling Geom2D.CubicBezier.Curvature ( Geom2D\CubicBezier\Curvature.hs, dist\dist-sandbox-6d64ec1\build\Geom2D\CubicBezier\Curvature.o )
[ 9 of 12] Compiling Geom2D.CubicBezier.Approximate ( Geom2D\CubicBezier\Approximate.hs, dist\dist-sandbox-6d64ec1\build\Geom2D\CubicBezier\Approximate.o )
[10 of 12] Compiling Geom2D.CubicBezier.Outline ( Geom2D\CubicBezier\Outline.hs, dist\dist-sandbox-6d64ec1\build\Geom2D\CubicBezier\Outline.o )
[11 of 12] Compiling Geom2D.CubicBezier ( Geom2D\CubicBezier.hs, dist\dist-sandbox-6d64ec1\build\Geom2D\CubicBezier.o )
[12 of 12] Compiling Geom2D.CubicBezier.Stroke ( Geom2D\CubicBezier\Stroke.hs, dist\dist-sandbox-6d64ec1\build\Geom2D\CubicBezier\Stroke.o )

Geom2D\CubicBezier\Stroke.hs:8:1: warning: [-Wunused-imports]
    The import of `Data.Monoid' is redundant
      except perhaps to import instances from `Data.Monoid'
    To import instances alone, use: import Data.Monoid()
  |
8 | import Data.Monoid
  | ^^^^^^^^^^^^^^^^^^
cabal: Leaving directory 'C:\Users\Greg\AppData\Local\Temp\cabal-tmp-692\cubicbezier-0.6.0.6'
