Installing library in F:\Git\Heat\.cabal-sandbox\x86_64-windows-ghc-8.6.5\diagrams-lib-1.4.3-8HBNLK1ofNR6XLxSyQkGFZ
ams.Attributes ( src\Diagrams\Attributes.hs, dist\dist-sandbox-6d64ec1\build\Diagrams\Attributes.o )
[ 2 of 73] Compiling Diagrams.Attributes.Compile ( src\Diagrams\Attributes\Compile.hs, dist\dist-sandbox-6d64ec1\build\Diagrams\Attributes\Compile.o )
[ 3 of 73] Compiling Diagrams.CubicSpline.Internal ( src\Diagrams\CubicSpline\Internal.hs, dist\dist-sandbox-6d64ec1\build\Diagrams\CubicSpline\Internal.o )
[ 4 of 73] Compiling Diagrams.Names   ( src\Diagrams\Names.hs, dist\dist-sandbox-6d64ec1\build\Diagrams\Names.o )
[ 5 of 73] Compiling Diagrams.Parametric ( src\Diagrams\Parametric.hs, dist\dist-sandbox-6d64ec1\build\Diagrams\Parametric.o )
[ 6 of 73] Compiling Diagrams.Parametric.Adjust ( src\Diagrams\Parametric\Adjust.hs, dist\dist-sandbox-6d64ec1\build\Diagrams\Parametric\Adjust.o )
[ 7 of 73] Compiling Diagrams.Points  ( src\Diagrams\Points.hs, dist\dist-sandbox-6d64ec1\build\Diagrams\Points.o )
[ 8 of 73] Compiling Diagrams.Coordinates ( src\Diagrams\Coordinates.hs, dist\dist-sandbox-6d64ec1\build\Diagrams\Coordinates.o )
[ 9 of 73] Compiling Diagrams.Angle   ( src\Diagrams\Angle.hs, dist\dist-sandbox-6d64ec1\build\Diagrams\Angle.o )
[10 of 73] Compiling Diagrams.Direction ( src\Diagrams\Direction.hs, dist\dist-sandbox-6d64ec1\build\Diagrams\Direction.o )
[11 of 73] Compiling Diagrams.Query   ( src\Diagrams\Query.hs, dist\dist-sandbox-6d64ec1\build\Diagrams\Query.o )
[12 of 73] Compiling Diagrams.ThreeD.Attributes ( src\Diagrams\ThreeD\Attributes.hs, dist\dist-sandbox-6d64ec1\build\Diagrams\ThreeD\Attributes.o )
[13 of 73] Compiling Diagrams.Transform ( src\Diagrams\Transform.hs, dist\dist-sandbox-6d64ec1\build\Diagrams\Transform.o )
[14 of 73] Compiling Diagrams.TwoD.Segment.Bernstein ( src\Diagrams\TwoD\Segment\Bernstein.hs, dist\dist-sandbox-6d64ec1\build\Diagrams\TwoD\Segment\Bernstein.o )
[15 of 73] Compiling Diagrams.TwoD.Types ( src\Diagrams\TwoD\Types.hs, dist\dist-sandbox-6d64ec1\build\Diagrams\TwoD\Types.o )
[16 of 73] Compiling Diagrams.ThreeD.Types ( src\Diagrams\ThreeD\Types.hs, dist\dist-sandbox-6d64ec1\build\Diagrams\ThreeD\Types.o )
[17 of 73] Compiling Diagrams.Transform.Matrix ( src\Diagrams\Transform\Matrix.hs, dist\dist-sandbox-6d64ec1\build\Diagrams\Transform\Matrix.o )
[18 of 73] Compiling Diagrams.ThreeD.Light ( src\Diagrams\ThreeD\Light.hs, dist\dist-sandbox-6d64ec1\build\Diagrams\ThreeD\Light.o )
[19 of 73] Compiling Diagrams.TwoD.Vector ( src\Diagrams\TwoD\Vector.hs, dist\dist-sandbox-6d64ec1\build\Diagrams\TwoD\Vector.o )
[20 of 73] Compiling Diagrams.TwoD.Transform ( src\Diagrams\TwoD\Transform.hs, dist\dist-sandbox-6d64ec1\build\Diagrams\TwoD\Transform.o )
[21 of 73] Compiling Diagrams.Transform.ScaleInv ( src\Diagrams\Transform\ScaleInv.hs, dist\dist-sandbox-6d64ec1\build\Diagrams\Transform\ScaleInv.o )
[22 of 73] Compiling Diagrams.ThreeD.Transform ( src\Diagrams\ThreeD\Transform.hs, dist\dist-sandbox-6d64ec1\build\Diagrams\ThreeD\Transform.o )
[23 of 73] Compiling Diagrams.TwoD.Points ( src\Diagrams\TwoD\Points.hs, dist\dist-sandbox-6d64ec1\build\Diagrams\TwoD\Points.o )
[24 of 73] Compiling Diagrams.ThreeD.Vector ( src\Diagrams\ThreeD\Vector.hs, dist\dist-sandbox-6d64ec1\build\Diagrams\ThreeD\Vector.o )
[25 of 73] Compiling Diagrams.ThreeD.Shapes ( src\Diagrams\ThreeD\Shapes.hs, dist\dist-sandbox-6d64ec1\build\Diagrams\ThreeD\Shapes.o )
[26 of 73] Compiling Diagrams.ThreeD.Camera ( src\Diagrams\ThreeD\Camera.hs, dist\dist-sandbox-6d64ec1\build\Diagrams\ThreeD\Camera.o )
[27 of 73] Compiling Diagrams.Util    ( src\Diagrams\Util.hs, dist\dist-sandbox-6d64ec1\build\Diagrams\Util.o )
[28 of 73] Compiling Diagrams.Align   ( src\Diagrams\Align.hs, dist\dist-sandbox-6d64ec1\build\Diagrams\Align.o )
[29 of 73] Compiling Diagrams.TwoD.Align ( src\Diagrams\TwoD\Align.hs, dist\dist-sandbox-6d64ec1\build\Diagrams\TwoD\Align.o )
[30 of 73] Compiling Diagrams.ThreeD.Align ( src\Diagrams\ThreeD\Align.hs, dist\dist-sandbox-6d64ec1\build\Diagrams\ThreeD\Align.o )
[31 of 73] Compiling Diagrams.Located ( src\Diagrams\Located.hs, dist\dist-sandbox-6d64ec1\build\Diagrams\Located.o )
[32 of 73] Compiling Diagrams.Segment ( src\Diagrams\Segment.hs, dist\dist-sandbox-6d64ec1\build\Diagrams\Segment.o )
[33 of 73] Compiling Diagrams.TwoD.Segment ( src\Diagrams\TwoD\Segment.hs, dist\dist-sandbox-6d64ec1\build\Diagrams\TwoD\Segment.o )
[34 of 73] Compiling Diagrams.Tangent ( src\Diagrams\Tangent.hs, dist\dist-sandbox-6d64ec1\build\Diagrams\Tangent.o )
[35 of 73] Compiling Diagrams.TwoD.Curvature ( src\Diagrams\TwoD\Curvature.hs, dist\dist-sandbox-6d64ec1\build\Diagrams\TwoD\Curvature.o )
[36 of 73] Compiling Diagrams.Trail   ( src\Diagrams\Trail.hs, dist\dist-sandbox-6d64ec1\build\Diagrams\Trail.o )
[37 of 73] Compiling Diagrams.TrailLike ( src\Diagrams\TrailLike.hs, dist\dist-sandbox-6d64ec1\build\Diagrams\TrailLike.o )
[38 of 73] Compiling Diagrams.TwoD.Arc ( src\Diagrams\TwoD\Arc.hs, dist\dist-sandbox-6d64ec1\build\Diagrams\TwoD\Arc.o )
[39 of 73] Compiling Diagrams.TwoD.Ellipse ( src\Diagrams\TwoD\Ellipse.hs, dist\dist-sandbox-6d64ec1\build\Diagrams\TwoD\Ellipse.o )
[40 of 73] Compiling Diagrams.Animation.Active ( src\Diagrams\Animation\Active.hs, dist\dist-sandbox-6d64ec1\build\Diagrams\Animation\Active.o )
[41 of 73] Compiling Diagrams.Combinators ( src\Diagrams\Combinators.hs, dist\dist-sandbox-6d64ec1\build\Diagrams\Combinators.o )
[42 of 73] Compiling Diagrams.Trace   ( src\Diagrams\Trace.hs, dist\dist-sandbox-6d64ec1\build\Diagrams\Trace.o )
[43 of 73] Compiling Diagrams.Envelope ( src\Diagrams\Envelope.hs, dist\dist-sandbox-6d64ec1\build\Diagrams\Envelope.o )
[44 of 73] Compiling Diagrams.Path    ( src\Diagrams\Path.hs, dist\dist-sandbox-6d64ec1\build\Diagrams\Path.o )
[45 of 73] Compiling Diagrams.TwoD.Polygons ( src\Diagrams\TwoD\Polygons.hs, dist\dist-sandbox-6d64ec1\build\Diagrams\TwoD\Polygons.o )
[46 of 73] Compiling Diagrams.TwoD.Shapes ( src\Diagrams\TwoD\Shapes.hs, dist\dist-sandbox-6d64ec1\build\Diagrams\TwoD\Shapes.o )
[47 of 73] Compiling Diagrams.TwoD.Path ( src\Diagrams\TwoD\Path.hs, dist\dist-sandbox-6d64ec1\build\Diagrams\TwoD\Path.o )
[48 of 73] Compiling Diagrams.TwoD.Offset ( src\Diagrams\TwoD\Offset.hs, dist\dist-sandbox-6d64ec1\build\Diagrams\TwoD\Offset.o )
[49 of 73] Compiling Diagrams.TwoD.Image ( src\Diagrams\TwoD\Image.hs, dist\dist-sandbox-6d64ec1\build\Diagrams\TwoD\Image.o )
[50 of 73] Compiling Diagrams.TwoD.Attributes ( src\Diagrams\TwoD\Attributes.hs, dist\dist-sandbox-6d64ec1\build\Diagrams\TwoD\Attributes.o )
[51 of 73] Compiling Diagrams.TwoD.Text ( src\Diagrams\TwoD\Text.hs, dist\dist-sandbox-6d64ec1\build\Diagrams\TwoD\Text.o )
[52 of 73] Compiling Diagrams.TwoD.Arrowheads ( src\Diagrams\TwoD\Arrowheads.hs, dist\dist-sandbox-6d64ec1\build\Diagrams\TwoD\Arrowheads.o )
[53 of 73] Compiling Diagrams.TwoD.Arrow ( src\Diagrams\TwoD\Arrow.hs, dist\dist-sandbox-6d64ec1\build\Diagrams\TwoD\Arrow.o )
[54 of 73] Compiling Diagrams.LinearMap ( src\Diagrams\LinearMap.hs, dist\dist-sandbox-6d64ec1\build\Diagrams\LinearMap.o )
[55 of 73] Compiling Diagrams.Deform  ( src\Diagrams\Deform.hs, dist\dist-sandbox-6d64ec1\build\Diagrams\Deform.o )
[56 of 73] Compiling Diagrams.TwoD.Deform ( src\Diagrams\TwoD\Deform.hs, dist\dist-sandbox-6d64ec1\build\Diagrams\TwoD\Deform.o )
[57 of 73] Compiling Diagrams.ThreeD.Projection ( src\Diagrams\ThreeD\Projection.hs, dist\dist-sandbox-6d64ec1\build\Diagrams\ThreeD\Projection.o )
[58 of 73] Compiling Diagrams.ThreeD.Deform ( src\Diagrams\ThreeD\Deform.hs, dist\dist-sandbox-6d64ec1\build\Diagrams\ThreeD\Deform.o )
[59 of 73] Compiling Diagrams.ThreeD  ( src\Diagrams\ThreeD.hs, dist\dist-sandbox-6d64ec1\build\Diagrams\ThreeD.o )
[60 of 73] Compiling Diagrams.CubicSpline.Boehm ( src\Diagrams\CubicSpline\Boehm.hs, dist\dist-sandbox-6d64ec1\build\Diagrams\CubicSpline\Boehm.o )
[61 of 73] Compiling Diagrams.CubicSpline ( src\Diagrams\CubicSpline.hs, dist\dist-sandbox-6d64ec1\build\Diagrams\CubicSpline.o )
[62 of 73] Compiling Diagrams.TwoD.Model ( src\Diagrams\TwoD\Model.hs, dist\dist-sandbox-6d64ec1\build\Diagrams\TwoD\Model.o )
[63 of 73] Compiling Diagrams.BoundingBox ( src\Diagrams\BoundingBox.hs, dist\dist-sandbox-6d64ec1\build\Diagrams\BoundingBox.o )
[64 of 73] Compiling Diagrams.TwoD.Combinators ( src\Diagrams\TwoD\Combinators.hs, dist\dist-sandbox-6d64ec1\build\Diagrams\TwoD\Combinators.o )
[65 of 73] Compiling Diagrams.Size    ( src\Diagrams\Size.hs, dist\dist-sandbox-6d64ec1\build\Diagrams\Size.o )
[66 of 73] Compiling Diagrams.TwoD.Size ( src\Diagrams\TwoD\Size.hs, dist\dist-sandbox-6d64ec1\build\Diagrams\TwoD\Size.o )
[67 of 73] Compiling Diagrams.TwoD    ( src\Diagrams\TwoD.hs, dist\dist-sandbox-6d64ec1\build\Diagrams\TwoD.o )
[68 of 73] Compiling Diagrams.TwoD.Adjust ( src\Diagrams\TwoD\Adjust.hs, dist\dist-sandbox-6d64ec1\build\Diagrams\TwoD\Adjust.o )
[69 of 73] Compiling Diagrams.ThreeD.Size ( src\Diagrams\ThreeD\Size.hs, dist\dist-sandbox-6d64ec1\build\Diagrams\ThreeD\Size.o )
[70 of 73] Compiling Diagrams.Animation ( src\Diagrams\Animation.hs, dist\dist-sandbox-6d64ec1\build\Diagrams\Animation.o )
[71 of 73] Compiling Diagrams.Backend.CmdLine ( src\Diagrams\Backend\CmdLine.hs, dist\dist-sandbox-6d64ec1\build\Diagrams\Backend\CmdLine.o )
[72 of 73] Compiling Diagrams         ( src\Diagrams.hs, dist\dist-sandbox-6d64ec1\build\Diagrams.o )
[73 of 73] Compiling Diagrams.Prelude ( src\Diagrams\Prelude.hs, dist\dist-sandbox-6d64ec1\build\Diagrams\Prelude.o )
cabal: Leaving directory 'C:\Users\Greg\AppData\Local\Temp\cabal-tmp-692\diagrams-lib-1.4.3'
