Installing library in F:\Git\Heat\.cabal-sandbox\x86_64-windows-ghc-8.6.5\diagrams-contrib-1.4.4-LVYy2mnoPDKEwZkOxhv8vR
iagrams.Anchors ( src\Diagrams\Anchors.hs, dist\dist-sandbox-6d64ec1\build\Diagrams\Anchors.o )
[ 2 of 29] Compiling Diagrams.Color.HSV ( src\Diagrams\Color\HSV.hs, dist\dist-sandbox-6d64ec1\build\Diagrams\Color\HSV.o )
[ 3 of 29] Compiling Diagrams.Color.XKCD ( src\Diagrams\Color\XKCD.hs, dist\dist-sandbox-6d64ec1\build\Diagrams\Color\XKCD.o )
[ 4 of 29] Compiling Diagrams.Layout.Wrap ( src\Diagrams\Layout\Wrap.hs, dist\dist-sandbox-6d64ec1\build\Diagrams\Layout\Wrap.o )
[ 5 of 29] Compiling Diagrams.Lens    ( src\Diagrams\Lens.hs, dist\dist-sandbox-6d64ec1\build\Diagrams\Lens.o )
[ 6 of 29] Compiling Diagrams.TwoD.Apollonian ( src\Diagrams\TwoD\Apollonian.hs, dist\dist-sandbox-6d64ec1\build\Diagrams\TwoD\Apollonian.o )
[ 7 of 29] Compiling Diagrams.TwoD.Factorization ( src\Diagrams\TwoD\Factorization.hs, dist\dist-sandbox-6d64ec1\build\Diagrams\TwoD\Factorization.o )
[ 8 of 29] Compiling Diagrams.TwoD.Grid ( src\Diagrams\TwoD\Grid.hs, dist\dist-sandbox-6d64ec1\build\Diagrams\TwoD\Grid.o )
[ 9 of 29] Compiling Diagrams.TwoD.Layout.CirclePacking ( src\Diagrams\TwoD\Layout\CirclePacking.hs, dist\dist-sandbox-6d64ec1\build\Diagrams\TwoD\Layout\CirclePacking.o )
[10 of 29] Compiling Diagrams.TwoD.Layout.Constrained ( src\Diagrams\TwoD\Layout\Constrained.hs, dist\dist-sandbox-6d64ec1\build\Diagrams\TwoD\Layout\Constrained.o )
[11 of 29] Compiling Diagrams.TwoD.Layout.Grid ( src\Diagrams\TwoD\Layout\Grid.hs, dist\dist-sandbox-6d64ec1\build\Diagrams\TwoD\Layout\Grid.o )
[12 of 29] Compiling Diagrams.TwoD.Layout.Tree ( src\Diagrams\TwoD\Layout\Tree.hs, dist\dist-sandbox-6d64ec1\build\Diagrams\TwoD\Layout\Tree.o )
[13 of 29] Compiling Diagrams.TwoD.Path.Boolean ( src\Diagrams\TwoD\Path\Boolean.hs, dist\dist-sandbox-6d64ec1\build\Diagrams\TwoD\Path\Boolean.o )
[14 of 29] Compiling Diagrams.TwoD.Path.Calligraphic ( src\Diagrams\TwoD\Path\Calligraphic.hs, dist\dist-sandbox-6d64ec1\build\Diagrams\TwoD\Path\Calligraphic.o )
[15 of 29] Compiling Diagrams.TwoD.Path.Follow ( src\Diagrams\TwoD\Path\Follow.hs, dist\dist-sandbox-6d64ec1\build\Diagrams\TwoD\Path\Follow.o )
[16 of 29] Compiling Diagrams.TwoD.Path.IntersectionExtras ( src\Diagrams\TwoD\Path\IntersectionExtras.hs, dist\dist-sandbox-6d64ec1\build\Diagrams\TwoD\Path\IntersectionExtras.o )
[17 of 29] Compiling Diagrams.TwoD.Path.IteratedSubset ( src\Diagrams\TwoD\Path\IteratedSubset.hs, dist\dist-sandbox-6d64ec1\build\Diagrams\TwoD\Path\IteratedSubset.o )
[18 of 29] Compiling Diagrams.TwoD.Path.Metafont.Types ( src\Diagrams\TwoD\Path\Metafont\Types.hs, dist\dist-sandbox-6d64ec1\build\Diagrams\TwoD\Path\Metafont\Types.o )
[19 of 29] Compiling Diagrams.TwoD.Path.Metafont.Parser ( src\Diagrams\TwoD\Path\Metafont\Parser.hs, dist\dist-sandbox-6d64ec1\build\Diagrams\TwoD\Path\Metafont\Parser.o )
[20 of 29] Compiling Diagrams.TwoD.Path.Metafont.Internal ( src\Diagrams\TwoD\Path\Metafont\Internal.hs, dist\dist-sandbox-6d64ec1\build\Diagrams\TwoD\Path\Metafont\Internal.o )
[21 of 29] Compiling Diagrams.TwoD.Path.Metafont.Combinators ( src\Diagrams\TwoD\Path\Metafont\Combinators.hs, dist\dist-sandbox-6d64ec1\build\Diagrams\TwoD\Path\Metafont\Combinators.o )
[22 of 29] Compiling Diagrams.TwoD.Path.Metafont ( src\Diagrams\TwoD\Path\Metafont.hs, dist\dist-sandbox-6d64ec1\build\Diagrams\TwoD\Path\Metafont.o )
[23 of 29] Compiling Diagrams.TwoD.Path.Turtle.Internal ( src\Diagrams\TwoD\Path\Turtle\Internal.hs, dist\dist-sandbox-6d64ec1\build\Diagrams\TwoD\Path\Turtle\Internal.o )
[24 of 29] Compiling Diagrams.TwoD.Path.Turtle ( src\Diagrams\TwoD\Path\Turtle.hs, dist\dist-sandbox-6d64ec1\build\Diagrams\TwoD\Path\Turtle.o )
[25 of 29] Compiling Diagrams.TwoD.Path.Turtle.Aliases ( src\Diagrams\TwoD\Path\Turtle\Aliases.hs, dist\dist-sandbox-6d64ec1\build\Diagrams\TwoD\Path\Turtle\Aliases.o )
[26 of 29] Compiling Diagrams.Example.Logo ( src\Diagrams\Example\Logo.hs, dist\dist-sandbox-6d64ec1\build\Diagrams\Example\Logo.o )
[27 of 29] Compiling Diagrams.TwoD.Path.LSystem ( src\Diagrams\TwoD\Path\LSystem.hs, dist\dist-sandbox-6d64ec1\build\Diagrams\TwoD\Path\LSystem.o )
[28 of 29] Compiling Diagrams.TwoD.Sunburst ( src\Diagrams\TwoD\Sunburst.hs, dist\dist-sandbox-6d64ec1\build\Diagrams\TwoD\Sunburst.o )
[29 of 29] Compiling Diagrams.TwoD.Tilings ( src\Diagrams\TwoD\Tilings.hs, dist\dist-sandbox-6d64ec1\build\Diagrams\TwoD\Tilings.o )
cabal: Leaving directory 'C:\Users\Greg\AppData\Local\Temp\cabal-tmp-8633\diagrams-contrib-1.4.4'
