Installing library in F:\Git\Heat\.cabal-sandbox\x86_64-windows-ghc-8.6.5\free-5.1.3-4NhyAXm9cs3CdnC88mAPPP
native.Free ( src\Control\Alternative\Free.hs, dist\dist-sandbox-6d64ec1\build\Control\Alternative\Free.o )
[ 2 of 20] Compiling Control.Alternative.Free.Final ( src\Control\Alternative\Free\Final.hs, dist\dist-sandbox-6d64ec1\build\Control\Alternative\Free\Final.o )
[ 3 of 20] Compiling Control.Applicative.Free ( src\Control\Applicative\Free.hs, dist\dist-sandbox-6d64ec1\build\Control\Applicative\Free.o )
[ 4 of 20] Compiling Control.Applicative.Free.Fast ( src\Control\Applicative\Free\Fast.hs, dist\dist-sandbox-6d64ec1\build\Control\Applicative\Free\Fast.o )
[ 5 of 20] Compiling Control.Applicative.Free.Final ( src\Control\Applicative\Free\Final.hs, dist\dist-sandbox-6d64ec1\build\Control\Applicative\Free\Final.o )
[ 6 of 20] Compiling Control.Applicative.Trans.Free ( src\Control\Applicative\Trans\Free.hs, dist\dist-sandbox-6d64ec1\build\Control\Applicative\Trans\Free.o )
[ 7 of 20] Compiling Control.Comonad.Cofree.Class ( src\Control\Comonad\Cofree\Class.hs, dist\dist-sandbox-6d64ec1\build\Control\Comonad\Cofree\Class.o )
[ 8 of 20] Compiling Control.Comonad.Trans.Cofree ( src\Control\Comonad\Trans\Cofree.hs, dist\dist-sandbox-6d64ec1\build\Control\Comonad\Trans\Cofree.o )
[ 9 of 20] Compiling Control.Monad.Free.Class ( src\Control\Monad\Free\Class.hs, dist\dist-sandbox-6d64ec1\build\Control\Monad\Free\Class.o )
[10 of 20] Compiling Control.Monad.Free.TH ( src\Control\Monad\Free\TH.hs, dist\dist-sandbox-6d64ec1\build\Control\Monad\Free\TH.o )
[11 of 20] Compiling Data.Functor.Classes.Compat ( src\Data\Functor\Classes\Compat.hs, dist\dist-sandbox-6d64ec1\build\Data\Functor\Classes\Compat.o )
[12 of 20] Compiling Control.Monad.Trans.Iter ( src\Control\Monad\Trans\Iter.hs, dist\dist-sandbox-6d64ec1\build\Control\Monad\Trans\Iter.o )
[13 of 20] Compiling Control.Monad.Trans.Free.Ap ( src\Control\Monad\Trans\Free\Ap.hs, dist\dist-sandbox-6d64ec1\build\Control\Monad\Trans\Free\Ap.o )

src\Control\Monad\Trans\Free\Ap.hs:311:3: warning: [-Wnoncanonical-monadfail-instances]
    Noncanonical `fail' definition detected
    in the instance declaration for `Monad (FreeT f m)'.
    Either remove definition for `fail' or define as `fail = Control.Monad.Fail.fail'
    |
311 |   fail e = FreeT (fail e)
    |   ^^^^^^^^^^^^^^^^^^^^^^^
[14 of 20] Compiling Control.Monad.Trans.Free ( src\Control\Monad\Trans\Free.hs, dist\dist-sandbox-6d64ec1\build\Control\Monad\Trans\Free.o )

src\Control\Monad\Trans\Free.hs:312:3: warning: [-Wnoncanonical-monadfail-instances]
    Noncanonical `fail' definition detected
    in the instance declaration for `Monad (FreeT f m)'.
    Either remove definition for `fail' or define as `fail = Control.Monad.Fail.fail'
    |
312 |   fail e = FreeT (fail e)
    |   ^^^^^^^^^^^^^^^^^^^^^^^
[15 of 20] Compiling Control.Monad.Trans.Free.Church ( src\Control\Monad\Trans\Free\Church.hs, dist\dist-sandbox-6d64ec1\build\Control\Monad\Trans\Free\Church.o )
[16 of 20] Compiling Control.Monad.Free.Ap ( src\Control\Monad\Free\Ap.hs, dist\dist-sandbox-6d64ec1\build\Control\Monad\Free\Ap.o )
[17 of 20] Compiling Control.Monad.Free ( src\Control\Monad\Free.hs, dist\dist-sandbox-6d64ec1\build\Control\Monad\Free.o )
[18 of 20] Compiling Control.Monad.Free.Church ( src\Control\Monad\Free\Church.hs, dist\dist-sandbox-6d64ec1\build\Control\Monad\Free\Church.o )
[19 of 20] Compiling Control.Comonad.Trans.Coiter ( src\Control\Comonad\Trans\Coiter.hs, dist\dist-sandbox-6d64ec1\build\Control\Comonad\Trans\Coiter.o )
[20 of 20] Compiling Control.Comonad.Cofree ( src\Control\Comonad\Cofree.hs, dist\dist-sandbox-6d64ec1\build\Control\Comonad\Cofree.o )
cabal: Leaving directory 'C:\Users\Greg\AppData\Local\Temp\cabal-tmp-9403\free-5.1.3'
