Installing library in F:\Git\Heat\.cabal-sandbox\x86_64-windows-ghc-8.6.5\linear-1.20.9-FcU2DBGhspoLEIkuvgLXwB
ary    ( src\Linear\Binary.hs, dist\dist-sandbox-6d64ec1\build\Linear\Binary.o )
[ 2 of 22] Compiling Linear.Conjugate ( src\Linear\Conjugate.hs, dist\dist-sandbox-6d64ec1\build\Linear\Conjugate.o )
[ 3 of 22] Compiling Linear.Epsilon   ( src\Linear\Epsilon.hs, dist\dist-sandbox-6d64ec1\build\Linear\Epsilon.o )
[ 4 of 22] Compiling Linear.Instances ( src\Linear\Instances.hs, dist\dist-sandbox-6d64ec1\build\Linear\Instances.o )
[ 5 of 22] Compiling Linear.Vector    ( src\Linear\Vector.hs, dist\dist-sandbox-6d64ec1\build\Linear\Vector.o )
[ 6 of 22] Compiling Linear.Metric    ( src\Linear\Metric.hs, dist\dist-sandbox-6d64ec1\build\Linear\Metric.o )
[ 7 of 22] Compiling Linear.V         ( src\Linear\V.hs, dist\dist-sandbox-6d64ec1\build\Linear\V.o )
[ 8 of 22] Compiling Linear.V1        ( src\Linear\V1.hs, dist\dist-sandbox-6d64ec1\build\Linear\V1.o )
[ 9 of 22] Compiling Linear.V2        ( src\Linear\V2.hs, dist\dist-sandbox-6d64ec1\build\Linear\V2.o )
[10 of 22] Compiling Linear.V3        ( src\Linear\V3.hs, dist\dist-sandbox-6d64ec1\build\Linear\V3.o )
[11 of 22] Compiling Linear.V4        ( src\Linear\V4.hs, dist\dist-sandbox-6d64ec1\build\Linear\V4.o )
[12 of 22] Compiling Linear.V0        ( src\Linear\V0.hs, dist\dist-sandbox-6d64ec1\build\Linear\V0.o )
[13 of 22] Compiling Linear.Quaternion ( src\Linear\Quaternion.hs, dist\dist-sandbox-6d64ec1\build\Linear\Quaternion.o )
[14 of 22] Compiling Linear.Plucker   ( src\Linear\Plucker.hs, dist\dist-sandbox-6d64ec1\build\Linear\Plucker.o )
[15 of 22] Compiling Linear.Trace     ( src\Linear\Trace.hs, dist\dist-sandbox-6d64ec1\build\Linear\Trace.o )
[16 of 22] Compiling Linear.Plucker.Coincides ( src\Linear\Plucker\Coincides.hs, dist\dist-sandbox-6d64ec1\build\Linear\Plucker\Coincides.o )
[17 of 22] Compiling Linear.Matrix    ( src\Linear\Matrix.hs, dist\dist-sandbox-6d64ec1\build\Linear\Matrix.o )
[18 of 22] Compiling Linear.Projection ( src\Linear\Projection.hs, dist\dist-sandbox-6d64ec1\build\Linear\Projection.o )
[19 of 22] Compiling Linear.Algebra   ( src\Linear\Algebra.hs, dist\dist-sandbox-6d64ec1\build\Linear\Algebra.o )
[20 of 22] Compiling Linear.Covector  ( src\Linear\Covector.hs, dist\dist-sandbox-6d64ec1\build\Linear\Covector.o )
[21 of 22] Compiling Linear.Affine    ( src\Linear\Affine.hs, dist\dist-sandbox-6d64ec1\build\Linear\Affine.o )
[22 of 22] Compiling Linear           ( src\Linear.hs, dist\dist-sandbox-6d64ec1\build\Linear.o )
cabal: Leaving directory 'C:\Users\Greg\AppData\Local\Temp\cabal-tmp-8632\linear-1.20.9'
