Installing library in F:\Git\Heat\.cabal-sandbox\x86_64-windows-ghc-8.6.5\matrices-0.5.0-4BgwHbiU22LHc2rc0fiwS1
ix.Class.Mutable ( src\Data\Matrix\Class\Mutable.hs, dist\dist-sandbox-6d64ec1\build\Data\Matrix\Class\Mutable.o )
[ 2 of 13] Compiling Data.Matrix.Class ( src\Data\Matrix\Class.hs, dist\dist-sandbox-6d64ec1\build\Data\Matrix\Class.o )
[ 3 of 13] Compiling Data.Matrix.Generic.Mutable ( src\Data\Matrix\Generic\Mutable.hs, dist\dist-sandbox-6d64ec1\build\Data\Matrix\Generic\Mutable.o )
[ 4 of 13] Compiling Data.Matrix.Generic ( src\Data\Matrix\Generic.hs, dist\dist-sandbox-6d64ec1\build\Data\Matrix\Generic.o )
[ 5 of 13] Compiling Data.Matrix.Mutable ( src\Data\Matrix\Mutable.hs, dist\dist-sandbox-6d64ec1\build\Data\Matrix\Mutable.o )
[ 6 of 13] Compiling Data.Matrix      ( src\Data\Matrix.hs, dist\dist-sandbox-6d64ec1\build\Data\Matrix.o )
[ 7 of 13] Compiling Data.Matrix.Sparse.Generic ( src\Data\Matrix\Sparse\Generic.hs, dist\dist-sandbox-6d64ec1\build\Data\Matrix\Sparse\Generic.o )
[ 8 of 13] Compiling Data.Matrix.Storable.Mutable ( src\Data\Matrix\Storable\Mutable.hs, dist\dist-sandbox-6d64ec1\build\Data\Matrix\Storable\Mutable.o )
[ 9 of 13] Compiling Data.Matrix.Storable ( src\Data\Matrix\Storable.hs, dist\dist-sandbox-6d64ec1\build\Data\Matrix\Storable.o )
[10 of 13] Compiling Data.Matrix.Symmetric.Generic.Mutable ( src\Data\Matrix\Symmetric\Generic\Mutable.hs, dist\dist-sandbox-6d64ec1\build\Data\Matrix\Symmetric\Generic\Mutable.o )
[11 of 13] Compiling Data.Matrix.Symmetric.Generic ( src\Data\Matrix\Symmetric\Generic.hs, dist\dist-sandbox-6d64ec1\build\Data\Matrix\Symmetric\Generic.o )
[12 of 13] Compiling Data.Matrix.Unboxed.Mutable ( src\Data\Matrix\Unboxed\Mutable.hs, dist\dist-sandbox-6d64ec1\build\Data\Matrix\Unboxed\Mutable.o )
[13 of 13] Compiling Data.Matrix.Unboxed ( src\Data\Matrix\Unboxed.hs, dist\dist-sandbox-6d64ec1\build\Data\Matrix\Unboxed.o )

src\Data\Matrix\Unboxed.hs:307:8: warning: [-Wsimplifiable-class-constraints]
    * The constraint `Unbox (a, b)' matches an instance declaration
      instance (Unbox a, Unbox b) => Unbox (a, b)
        -- Defined in `Data.Vector.Unboxed.Base'
      This makes type inference for inner bindings fragile;
        either use MonoLocalBinds, or simplify it using the instance
    * In the type signature:
        zip :: (Context a, Context b, Context (a, b)) =>
               Matrix a -> Matrix b -> Matrix (a, b)
    |
307 | zip :: ( Context a, Context b
    |        ^^^^^^^^^^^^^^^^^^^^^^...

src\Data\Matrix\Unboxed.hs:312:9: warning: [-Wsimplifiable-class-constraints]
    * The constraint `Unbox (a, b, c)' matches an instance declaration
      instance (Unbox a, Unbox b, Unbox c) => Unbox (a, b, c)
        -- Defined in `Data.Vector.Unboxed.Base'
      This makes type inference for inner bindings fragile;
        either use MonoLocalBinds, or simplify it using the instance
    * In the type signature:
        zip3 :: (Context a, Context b, Context c, Context (a, b, c)) =>
                Matrix a -> Matrix b -> Matrix c -> Matrix (a, b, c)
    |
312 | zip3 :: ( Context a, Context b, Context c
    |         ^^^^^^^^^^^^^^^^^^^^^^^^^^^^^^^^^...

src\Data\Matrix\Unboxed.hs:317:9: warning: [-Wsimplifiable-class-constraints]
    * The constraint `Unbox (a, b, c, d)'
        matches an instance declaration
      instance (Unbox a, Unbox b, Unbox c, Unbox d) => Unbox (a, b, c, d)
        -- Defined in `Data.Vector.Unboxed.Base'
      This makes type inference for inner bindings fragile;
        either use MonoLocalBinds, or simplify it using the instance
    * In the type signature:
        zip4 :: (Context a,
                 Context b,
                 Context c,
                 Context d,
                 Context (a, b, c, d)) =>
                Matrix a -> Matrix b -> Matrix c -> Matrix d -> Matrix (a, b, c, d)
    |
317 | zip4 :: ( Context a, Context b, Context c, Context d
    |         ^^^^^^^^^^^^^^^^^^^^^^^^^^^^^^^^^^^^^^^^^^^^...

src\Data\Matrix\Unboxed.hs:322:9: warning: [-Wsimplifiable-class-constraints]
    * The constraint `Unbox (a, b, c, d, e)'
        matches an instance declaration
      instance (Unbox a, Unbox b, Unbox c, Unbox d, Unbox e) =>
               Unbox (a, b, c, d, e)
        -- Defined in `Data.Vector.Unboxed.Base'
      This makes type inference for inner bindings fragile;
        either use MonoLocalBinds, or simplify it using the instance
    * In the type signature:
        zip5 :: (Context a,
                 Context b,
                 Context c,
                 Context d,
                 Context e,
                 Context (a, b, c, d, e)) =>
                Matrix a
                -> Matrix b
                   -> Matrix c -> Matrix d -> Matrix e -> Matrix (a, b, c, d, e)
    |
322 | zip5 :: ( Context a, Context b, Context c, Context d, Context e
    |         ^^^^^^^^^^^^^^^^^^^^^^^^^^^^^^^^^^^^^^^^^^^^^^^^^^^^^^^...

src\Data\Matrix\Unboxed.hs:328:9: warning: [-Wsimplifiable-class-constraints]
    * The constraint `Unbox (a, b, c, d, e, f)'
        matches an instance declaration
      instance (Unbox a, Unbox b, Unbox c, Unbox d, Unbox e, Unbox f) =>
               Unbox (a, b, c, d, e, f)
        -- Defined in `Data.Vector.Unboxed.Base'
      This makes type inference for inner bindings fragile;
        either use MonoLocalBinds, or simplify it using the instance
    * In the type signature:
        zip6 :: (Context a,
                 Context b,
                 Context c,
                 Context d,
                 Context e,
                 Context f,
                 Context (a, b, c, d, e, f)) =>
                Matrix a
                -> Matrix b
                   -> Matrix c
                      -> Matrix d -> Matrix e -> Matrix f -> Matrix (a, b, c, d, e, f)
    |
328 | zip6 :: ( Context a, Context b, Context c, Context d, Context e, Context f
    |         ^^^^^^^^^^^^^^^^^^^^^^^^^^^^^^^^^^^^^^^^^^^^^^^^^^^^^^^^^^^^^^^^^^...

src\Data\Matrix\Unboxed.hs:342:10: warning: [-Wsimplifiable-class-constraints]
    * The constraint `Unbox (a, b)' matches an instance declaration
      instance (Unbox a, Unbox b) => Unbox (a, b)
        -- Defined in `Data.Vector.Unboxed.Base'
      This makes type inference for inner bindings fragile;
        either use MonoLocalBinds, or simplify it using the instance
    * In the type signature:
        unzip :: (Context a, Context b, Context (a, b)) =>
                 Matrix (a, b) -> (Matrix a, Matrix b)
    |
342 | unzip :: (Context a, Context b, Context (a,b))
    |          ^^^^^^^^^^^^^^^^^^^^^^^^^^^^^^^^^^^^^...

src\Data\Matrix\Unboxed.hs:346:11: warning: [-Wsimplifiable-class-constraints]
    * The constraint `Unbox (a, b, c)' matches an instance declaration
      instance (Unbox a, Unbox b, Unbox c) => Unbox (a, b, c)
        -- Defined in `Data.Vector.Unboxed.Base'
      This makes type inference for inner bindings fragile;
        either use MonoLocalBinds, or simplify it using the instance
    * In the type signature:
        unzip3 :: (Context a, Context b, Context c, Context (a, b, c)) =>
                  Matrix (a, b, c) -> (Matrix a, Matrix b, Matrix c)
    |
346 | unzip3 :: ( Context a, Context b, Context c
    |           ^^^^^^^^^^^^^^^^^^^^^^^^^^^^^^^^^...

src\Data\Matrix\Unboxed.hs:351:11: warning: [-Wsimplifiable-class-constraints]
    * The constraint `Unbox (a, b, c, d)'
        matches an instance declaration
      instance (Unbox a, Unbox b, Unbox c, Unbox d) => Unbox (a, b, c, d)
        -- Defined in `Data.Vector.Unboxed.Base'
      This makes type inference for inner bindings fragile;
        either use MonoLocalBinds, or simplify it using the instance
    * In the type signature:
        unzip4 :: (Context a,
                   Context b,
                   Context c,
                   Context d,
                   Context (a, b, c, d)) =>
                  Matrix (a, b, c, d) -> (Matrix a, Matrix b, Matrix c, Matrix d)
    |
351 | unzip4 :: ( Context a, Context b, Context c, Context d
    |           ^^^^^^^^^^^^^^^^^^^^^^^^^^^^^^^^^^^^^^^^^^^^...

src\Data\Matrix\Unboxed.hs:356:11: warning: [-Wsimplifiable-class-constraints]
    * The constraint `Unbox (a, b, c, d, e)'
        matches an instance declaration
      instance (Unbox a, Unbox b, Unbox c, Unbox d, Unbox e) =>
               Unbox (a, b, c, d, e)
        -- Defined in `Data.Vector.Unboxed.Base'
      This makes type inference for inner bindings fragile;
        either use MonoLocalBinds, or simplify it using the instance
    * In the type signature:
        unzip5 :: (Context a,
                   Context b,
                   Context c,
                   Context d,
                   Context e,
                   Context (a, b, c, d, e)) =>
                  Matrix (a, b, c, d, e)
                  -> (Matrix a, Matrix b, Matrix c, Matrix d, Matrix e)
    |
356 | unzip5 :: ( Context a, Context b, Context c, Context d, Context e
    |           ^^^^^^^^^^^^^^^^^^^^^^^^^^^^^^^^^^^^^^^^^^^^^^^^^^^^^^^...

src\Data\Matrix\Unboxed.hs:362:11: warning: [-Wsimplifiable-class-constraints]
    * The constraint `Unbox (a, b, c, d, e, f)'
        matches an instance declaration
      instance (Unbox a, Unbox b, Unbox c, Unbox d, Unbox e, Unbox f) =>
               Unbox (a, b, c, d, e, f)
        -- Defined in `Data.Vector.Unboxed.Base'
      This makes type inference for inner bindings fragile;
        either use MonoLocalBinds, or simplify it using the instance
    * In the type signature:
        unzip6 :: (Context a,
                   Context b,
                   Context c,
                   Context d,
                   Context e,
                   Context f,
                   Context (a, b, c, d, e, f)) =>
                  Matrix (a, b, c, d, e, f)
                  -> (Matrix a, Matrix b, Matrix c, Matrix d, Matrix e, Matrix f)
    |
362 | unzip6 :: ( Context a, Context b, Context c, Context d, Context e, Context f
    |           ^^^^^^^^^^^^^^^^^^^^^^^^^^^^^^^^^^^^^^^^^^^^^^^^^^^^^^^^^^^^^^^^^^...
cabal: Leaving directory 'C:\Users\Greg\AppData\Local\Temp\cabal-tmp-9400\matrices-0.5.0'
