Installing library in F:\Git\Heat\.cabal-sandbox\x86_64-windows-ghc-8.6.5\mfsolve-0.3.2.0-5hGSVAgIxvm37rsgINhwvs
ve     ( Math\MFSolve.hs, dist\dist-sandbox-6d64ec1\build\Math\MFSolve.o )

Math\MFSolve.hs:111:1: warning: [-Wunused-imports]
    The import of `Control.Applicative' is redundant
      except perhaps to import instances from `Control.Applicative'
    To import instances alone, use: import Control.Applicative()
    |
111 | import Control.Applicative hiding (Const)
    | ^^^^^^^^^^^^^^^^^^^^^^^^^^^^^^^^^^^^^^^^^

Math\MFSolve.hs:208:1: warning: [-Wmissing-signatures]
    Pattern synonym with no type signature:
      pattern LinearE :: forall v n. LinExpr v n -> Expr v n
    |
208 | pattern LinearE l = Expr l [] []
    | ^^^^^^^^^^^^^^^^^^^^^^^^^^^^^^^^

Math\MFSolve.hs:209:1: warning: [-Wmissing-signatures]
    Pattern synonym with no type signature:
      pattern ConstE :: forall v n. n -> Expr v n
    |
209 | pattern ConstE c = Expr (LinExpr c []) [] []
    | ^^^^^^^^^^^^^^^^^^^^^^^^^^^^^^^^^^^^^^^^^^^^

Math\MFSolve.hs:210:1: warning: [-Wmissing-signatures]
    Pattern synonym with no type signature:
      pattern LConst :: forall v n. n -> LinExpr v n
    |
210 | pattern LConst c = LinExpr c []
    | ^^^^^^^^^^^^^^^^^^^^^^^^^^^^^^^
cabal: Leaving directory 'C:\Users\Greg\AppData\Local\Temp\cabal-tmp-695\mfsolve-0.3.2.0'
