Installing library in C:\heat-l-shape\.cabal-sandbox\x86_64-windows-ghc-8.6.5\vector-0.12.0.3-FaW0AndQgt0BzgPSs4kvRl
Fusion.Util ( Data\Vector\Fusion\Util.hs, dist\dist-sandbox-f4714d63\build\Data\Vector\Fusion\Util.o )
[ 2 of 21] Compiling Data.Vector.Fusion.Bundle.Size ( Data\Vector\Fusion\Bundle\Size.hs, dist\dist-sandbox-f4714d63\build\Data\Vector\Fusion\Bundle\Size.o )
[ 3 of 21] Compiling Data.Vector.Generic.Mutable.Base ( Data\Vector\Generic\Mutable\Base.hs, dist\dist-sandbox-f4714d63\build\Data\Vector\Generic\Mutable\Base.o )
[ 4 of 21] Compiling Data.Vector.Generic.Base ( Data\Vector\Generic\Base.hs, dist\dist-sandbox-f4714d63\build\Data\Vector\Generic\Base.o )
[ 5 of 21] Compiling Data.Vector.Internal.Check ( Data\Vector\Internal\Check.hs, dist\dist-sandbox-f4714d63\build\Data\Vector\Internal\Check.o )
[ 6 of 21] Compiling Data.Vector.Fusion.Stream.Monadic ( Data\Vector\Fusion\Stream\Monadic.hs, dist\dist-sandbox-f4714d63\build\Data\Vector\Fusion\Stream\Monadic.o )
[ 7 of 21] Compiling Data.Vector.Fusion.Bundle.Monadic ( Data\Vector\Fusion\Bundle\Monadic.hs, dist\dist-sandbox-f4714d63\build\Data\Vector\Fusion\Bundle\Monadic.o )
[ 8 of 21] Compiling Data.Vector.Fusion.Bundle ( Data\Vector\Fusion\Bundle.hs, dist\dist-sandbox-f4714d63\build\Data\Vector\Fusion\Bundle.o )
[ 9 of 21] Compiling Data.Vector.Generic.Mutable ( Data\Vector\Generic\Mutable.hs, dist\dist-sandbox-f4714d63\build\Data\Vector\Generic\Mutable.o )
[10 of 21] Compiling Data.Vector.Generic.New ( Data\Vector\Generic\New.hs, dist\dist-sandbox-f4714d63\build\Data\Vector\Generic\New.o )
[11 of 21] Compiling Data.Vector.Generic ( Data\Vector\Generic.hs, dist\dist-sandbox-f4714d63\build\Data\Vector\Generic.o )
[12 of 21] Compiling Data.Vector.Mutable ( Data\Vector\Mutable.hs, dist\dist-sandbox-f4714d63\build\Data\Vector\Mutable.o )
[13 of 21] Compiling Data.Vector      ( Data\Vector.hs, dist\dist-sandbox-f4714d63\build\Data\Vector.o )
[14 of 21] Compiling Data.Vector.Primitive.Mutable ( Data\Vector\Primitive\Mutable.hs, dist\dist-sandbox-f4714d63\build\Data\Vector\Primitive\Mutable.o )
[15 of 21] Compiling Data.Vector.Primitive ( Data\Vector\Primitive.hs, dist\dist-sandbox-f4714d63\build\Data\Vector\Primitive.o )
[16 of 21] Compiling Data.Vector.Storable.Internal ( Data\Vector\Storable\Internal.hs, dist\dist-sandbox-f4714d63\build\Data\Vector\Storable\Internal.o )
[17 of 21] Compiling Data.Vector.Storable.Mutable ( Data\Vector\Storable\Mutable.hs, dist\dist-sandbox-f4714d63\build\Data\Vector\Storable\Mutable.o )
[18 of 21] Compiling Data.Vector.Storable ( Data\Vector\Storable.hs, dist\dist-sandbox-f4714d63\build\Data\Vector\Storable.o )
[19 of 21] Compiling Data.Vector.Unboxed.Base ( Data\Vector\Unboxed\Base.hs, dist\dist-sandbox-f4714d63\build\Data\Vector\Unboxed\Base.o )
[20 of 21] Compiling Data.Vector.Unboxed ( Data\Vector\Unboxed.hs, dist\dist-sandbox-f4714d63\build\Data\Vector\Unboxed.o )
[21 of 21] Compiling Data.Vector.Unboxed.Mutable ( Data\Vector\Unboxed\Mutable.hs, dist\dist-sandbox-f4714d63\build\Data\Vector\Unboxed\Mutable.o )
cabal: Leaving directory 'C:\Users\gregg\AppData\Local\Temp\cabal-tmp-7029\vector-0.12.0.3'
